<?xml version="1.0" encoding="UTF-8"?>
<!-- Generated by org.testng.reporters.JUnitXMLReporter -->
<testsuite ignored="3" hostname="Nghis-MBP" failures="0" tests="1" name="Default test" time="0.376" errors="0" timestamp="24 Mar 2022 10:36:36 GMT">
  <testcase classname="com.nopcommerce.frontend.Login" name="TC_01" time="0.334"/>
  <testcase classname="com.nopcommerce.frontend.Login" name="Login_04_Empty_Password" time="0.0">
    <ignored/>
  </testcase> <!-- Login_04_Empty_Password -->
  <testcase classname="com.nopcommerce.frontend.Login" name="Login_06_Success" time="0.0">
    <ignored/>
  </testcase> <!-- Login_06_Success -->
  <testcase classname="com.nopcommerce.frontend.Login" name="Login_05_Wrong_Password" time="0.0">
    <ignored/>
  </testcase> <!-- Login_05_Wrong_Password -->
</testsuite> <!-- Default test -->
