<?xml version="1.0" encoding="UTF-8"?>
<testng-results ignored="0" total="17" passed="17" failed="0" skipped="0">
  <reporter-output>
  </reporter-output>
  <suite started-at="2022-03-24T12:50:04Z" name="Frontend" finished-at="2022-03-24T12:51:47Z" duration-ms="102820">
    <groups>
    </groups>
    <test started-at="2022-03-24T12:50:04Z" name="Login" finished-at="2022-03-24T12:50:28Z" duration-ms="23601">
      <class name="com.nopcommerce.frontend.Login">
        <test-method is-config="true" signature="preCondition(java.lang.String)[pri:0, instance:com.nopcommerce.frontend.Login@3ad2e17]" started-at="2022-03-24T12:50:04Z" name="preCondition" finished-at="2022-03-24T12:50:09Z" duration-ms="4958" status="PASS">
          <params>
            <param index="0">
              <value>
                <![CDATA[chrome]]>
              </value>
            </param>
          </params>
          <reporter-output>
          </reporter-output>
        </test-method> <!-- preCondition -->
        <test-method signature="Login_01_Empty_Data()[pri:0, instance:com.nopcommerce.frontend.Login@3ad2e17]" started-at="2022-03-24T12:50:09Z" name="Login_01_Empty_Data" finished-at="2022-03-24T12:50:12Z" duration-ms="3028" status="PASS">
          <reporter-output>
          </reporter-output>
        </test-method> <!-- Login_01_Empty_Data -->
        <test-method signature="Login_02_Invalid_Email()[pri:0, instance:com.nopcommerce.frontend.Login@3ad2e17]" started-at="2022-03-24T12:50:12Z" name="Login_02_Invalid_Email" finished-at="2022-03-24T12:50:14Z" duration-ms="1799" status="PASS">
          <reporter-output>
          </reporter-output>
        </test-method> <!-- Login_02_Invalid_Email -->
        <test-method signature="Login_03_Not_Registered_Email()[pri:0, instance:com.nopcommerce.frontend.Login@3ad2e17]" started-at="2022-03-24T12:50:14Z" name="Login_03_Not_Registered_Email" finished-at="2022-03-24T12:50:17Z" duration-ms="2445" status="PASS">
          <reporter-output>
          </reporter-output>
        </test-method> <!-- Login_03_Not_Registered_Email -->
        <test-method signature="Pre_Condition_Register()[pri:0, instance:com.nopcommerce.frontend.Login@3ad2e17]" started-at="2022-03-24T12:50:17Z" name="Pre_Condition_Register" finished-at="2022-03-24T12:50:21Z" duration-ms="4536" status="PASS">
          <reporter-output>
          </reporter-output>
        </test-method> <!-- Pre_Condition_Register -->
        <test-method signature="Login_04_Empty_Password()[pri:0, instance:com.nopcommerce.frontend.Login@3ad2e17]" started-at="2022-03-24T12:50:21Z" name="Login_04_Empty_Password" finished-at="2022-03-24T12:50:23Z" depends-on-methods="com.nopcommerce.frontend.Login.Pre_Condition_Register" duration-ms="1967" status="PASS">
          <reporter-output>
          </reporter-output>
        </test-method> <!-- Login_04_Empty_Password -->
        <test-method signature="Login_05_Wrong_Password()[pri:0, instance:com.nopcommerce.frontend.Login@3ad2e17]" started-at="2022-03-24T12:50:23Z" name="Login_05_Wrong_Password" finished-at="2022-03-24T12:50:25Z" depends-on-methods="com.nopcommerce.frontend.Login.Pre_Condition_Register" duration-ms="2076" status="PASS">
          <reporter-output>
          </reporter-output>
        </test-method> <!-- Login_05_Wrong_Password -->
        <test-method signature="Login_06_Success()[pri:0, instance:com.nopcommerce.frontend.Login@3ad2e17]" started-at="2022-03-24T12:50:25Z" name="Login_06_Success" finished-at="2022-03-24T12:50:28Z" depends-on-methods="com.nopcommerce.frontend.Login.Pre_Condition_Register" duration-ms="2485" status="PASS">
          <reporter-output>
          </reporter-output>
        </test-method> <!-- Login_06_Success -->
        <test-method is-config="true" signature="afterClass()[pri:0, instance:com.nopcommerce.frontend.Login@3ad2e17]" started-at="2022-03-24T12:50:28Z" name="afterClass" finished-at="2022-03-24T12:50:28Z" duration-ms="234" status="PASS">
          <reporter-output>
          </reporter-output>
        </test-method> <!-- afterClass -->
      </class> <!-- com.nopcommerce.frontend.Login -->
    </test> <!-- Login -->
    <test started-at="2022-03-24T12:50:28Z" name="Register" finished-at="2022-03-24T12:50:49Z" duration-ms="21296">
      <class name="com.nopcommerce.frontend.Register">
        <test-method is-config="true" signature="preCondition(java.lang.String)[pri:0, instance:com.nopcommerce.frontend.Register@bcef303]" started-at="2022-03-24T12:50:28Z" name="preCondition" finished-at="2022-03-24T12:50:31Z" duration-ms="3435" status="PASS">
          <params>
            <param index="0">
              <value>
                <![CDATA[chrome]]>
              </value>
            </param>
          </params>
          <reporter-output>
          </reporter-output>
        </test-method> <!-- preCondition -->
        <test-method signature="Register_01_Empty_Data()[pri:0, instance:com.nopcommerce.frontend.Register@bcef303]" started-at="2022-03-24T12:50:31Z" name="Register_01_Empty_Data" finished-at="2022-03-24T12:50:35Z" duration-ms="3229" status="PASS">
          <reporter-output>
          </reporter-output>
        </test-method> <!-- Register_01_Empty_Data -->
        <test-method signature="Register_02_Invalid_Email()[pri:0, instance:com.nopcommerce.frontend.Register@bcef303]" started-at="2022-03-24T12:50:35Z" name="Register_02_Invalid_Email" finished-at="2022-03-24T12:50:37Z" duration-ms="2448" status="PASS">
          <reporter-output>
          </reporter-output>
        </test-method> <!-- Register_02_Invalid_Email -->
        <test-method signature="Register_03_Success()[pri:0, instance:com.nopcommerce.frontend.Register@bcef303]" started-at="2022-03-24T12:50:37Z" name="Register_03_Success" finished-at="2022-03-24T12:50:41Z" duration-ms="4393" status="PASS">
          <reporter-output>
          </reporter-output>
        </test-method> <!-- Register_03_Success -->
        <test-method signature="Register_06_ConfirmPass_NotMatch()[pri:0, instance:com.nopcommerce.frontend.Register@bcef303]" started-at="2022-03-24T12:50:41Z" name="Register_06_ConfirmPass_NotMatch" finished-at="2022-03-24T12:50:44Z" duration-ms="2450" status="PASS">
          <reporter-output>
          </reporter-output>
        </test-method> <!-- Register_06_ConfirmPass_NotMatch -->
        <test-method signature="Register_05_Less_6_Characters()[pri:0, instance:com.nopcommerce.frontend.Register@bcef303]" started-at="2022-03-24T12:50:44Z" name="Register_05_Less_6_Characters" finished-at="2022-03-24T12:50:46Z" duration-ms="2257" status="PASS">
          <reporter-output>
          </reporter-output>
        </test-method> <!-- Register_05_Less_6_Characters -->
        <test-method signature="Register_04_Existed_Email()[pri:0, instance:com.nopcommerce.frontend.Register@bcef303]" started-at="2022-03-24T12:50:46Z" name="Register_04_Existed_Email" finished-at="2022-03-24T12:50:49Z" depends-on-methods="com.nopcommerce.frontend.Register.Register_03_Success" duration-ms="2850" status="PASS">
          <reporter-output>
          </reporter-output>
        </test-method> <!-- Register_04_Existed_Email -->
        <test-method is-config="true" signature="afterClass()[pri:0, instance:com.nopcommerce.frontend.Register@bcef303]" started-at="2022-03-24T12:50:49Z" name="afterClass" finished-at="2022-03-24T12:50:49Z" duration-ms="220" status="PASS">
          <reporter-output>
          </reporter-output>
        </test-method> <!-- afterClass -->
      </class> <!-- com.nopcommerce.frontend.Register -->
    </test> <!-- Register -->
    <test started-at="2022-03-24T12:50:49Z" name="MyACcount" finished-at="2022-03-24T12:51:47Z" duration-ms="57860">
      <class name="com.nopcommerce.frontend.MyAccount">
        <test-method is-config="true" signature="preCondition(java.lang.String)[pri:0, instance:com.nopcommerce.frontend.MyAccount@7dda48d9]" started-at="2022-03-24T12:50:49Z" name="preCondition" finished-at="2022-03-24T12:50:59Z" duration-ms="9762" status="PASS">
          <params>
            <param index="0">
              <value>
                <![CDATA[chrome]]>
              </value>
            </param>
          </params>
          <reporter-output>
          </reporter-output>
        </test-method> <!-- preCondition -->
        <test-method is-config="true" signature="login()[pri:0, instance:com.nopcommerce.frontend.MyAccount@7dda48d9]" started-at="2022-03-24T12:50:59Z" name="login" finished-at="2022-03-24T12:51:02Z" duration-ms="2471" status="PASS">
          <reporter-output>
          </reporter-output>
        </test-method> <!-- login -->
        <test-method signature="MyAccount_03_Change_Password()[pri:0, instance:com.nopcommerce.frontend.MyAccount@7dda48d9]" started-at="2022-03-24T12:51:02Z" name="MyAccount_03_Change_Password" finished-at="2022-03-24T12:51:11Z" duration-ms="9803" status="PASS">
          <reporter-output>
          </reporter-output>
        </test-method> <!-- MyAccount_03_Change_Password -->
        <test-method is-config="true" signature="logout()[pri:0, instance:com.nopcommerce.frontend.MyAccount@7dda48d9]" started-at="2022-03-24T12:51:11Z" name="logout" finished-at="2022-03-24T12:51:12Z" duration-ms="1002" status="PASS">
          <reporter-output>
          </reporter-output>
        </test-method> <!-- logout -->
        <test-method is-config="true" signature="login()[pri:0, instance:com.nopcommerce.frontend.MyAccount@7dda48d9]" started-at="2022-03-24T12:51:12Z" name="login" finished-at="2022-03-24T12:51:14Z" duration-ms="1948" status="PASS">
          <reporter-output>
          </reporter-output>
        </test-method> <!-- login -->
        <test-method signature="MyAccount_04_Add_Review(java.lang.String)[pri:0, instance:com.nopcommerce.frontend.MyAccount@7dda48d9]" started-at="2022-03-24T12:51:14Z" name="MyAccount_04_Add_Review" finished-at="2022-03-24T12:51:24Z" duration-ms="10103" status="PASS">
          <params>
            <param index="0">
              <value>
                <![CDATA[Fahrenheit 451 by Ray Bradbury]]>
              </value>
            </param>
          </params>
          <reporter-output>
          </reporter-output>
        </test-method> <!-- MyAccount_04_Add_Review -->
        <test-method is-config="true" signature="logout()[pri:0, instance:com.nopcommerce.frontend.MyAccount@7dda48d9]" started-at="2022-03-24T12:51:24Z" name="logout" finished-at="2022-03-24T12:51:25Z" duration-ms="1098" status="PASS">
          <reporter-output>
          </reporter-output>
        </test-method> <!-- logout -->
        <test-method is-config="true" signature="login()[pri:0, instance:com.nopcommerce.frontend.MyAccount@7dda48d9]" started-at="2022-03-24T12:51:25Z" name="login" finished-at="2022-03-24T12:51:27Z" duration-ms="2000" status="PASS">
          <reporter-output>
          </reporter-output>
        </test-method> <!-- login -->
        <test-method signature="MyAccount_O1_Update_Info()[pri:0, instance:com.nopcommerce.frontend.MyAccount@7dda48d9]" started-at="2022-03-24T12:51:27Z" name="MyAccount_O1_Update_Info" finished-at="2022-03-24T12:51:32Z" duration-ms="4253" status="PASS">
          <reporter-output>
          </reporter-output>
        </test-method> <!-- MyAccount_O1_Update_Info -->
        <test-method is-config="true" signature="logout()[pri:0, instance:com.nopcommerce.frontend.MyAccount@7dda48d9]" started-at="2022-03-24T12:51:32Z" name="logout" finished-at="2022-03-24T12:51:33Z" duration-ms="1102" status="PASS">
          <reporter-output>
          </reporter-output>
        </test-method> <!-- logout -->
        <test-method is-config="true" signature="login()[pri:0, instance:com.nopcommerce.frontend.MyAccount@7dda48d9]" started-at="2022-03-24T12:51:33Z" name="login" finished-at="2022-03-24T12:51:35Z" duration-ms="2263" status="PASS">
          <reporter-output>
          </reporter-output>
        </test-method> <!-- login -->
        <test-method signature="MyAccount_O2_Add_Address()[pri:0, instance:com.nopcommerce.frontend.MyAccount@7dda48d9]" started-at="2022-03-24T12:51:35Z" name="MyAccount_O2_Add_Address" finished-at="2022-03-24T12:51:46Z" duration-ms="10629" status="PASS">
          <reporter-output>
          </reporter-output>
        </test-method> <!-- MyAccount_O2_Add_Address -->
        <test-method is-config="true" signature="logout()[pri:0, instance:com.nopcommerce.frontend.MyAccount@7dda48d9]" started-at="2022-03-24T12:51:46Z" name="logout" finished-at="2022-03-24T12:51:47Z" duration-ms="1089" status="PASS">
          <reporter-output>
          </reporter-output>
        </test-method> <!-- logout -->
        <test-method is-config="true" signature="afterClass()[pri:0, instance:com.nopcommerce.frontend.MyAccount@7dda48d9]" started-at="2022-03-24T12:51:47Z" name="afterClass" finished-at="2022-03-24T12:51:47Z" duration-ms="327" status="PASS">
          <reporter-output>
          </reporter-output>
        </test-method> <!-- afterClass -->
      </class> <!-- com.nopcommerce.frontend.MyAccount -->
    </test> <!-- MyACcount -->
  </suite> <!-- Frontend -->
</testng-results>
