<?xml version="1.0" encoding="UTF-8"?>
<!-- Generated by org.testng.reporters.JUnitXMLReporter -->
<testsuite ignored="0" hostname="Nghis-MBP" failures="0" tests="4" name="MyACcount" time="57.86" errors="0" timestamp="24 Mar 2022 12:51:47 GMT">
  <testcase classname="com.nopcommerce.frontend.MyAccount" name="MyAccount_03_Change_Password" time="9.803"/>
  <testcase classname="com.nopcommerce.frontend.MyAccount" name="MyAccount_04_Add_Review" time="10.103"/>
  <testcase classname="com.nopcommerce.frontend.MyAccount" name="MyAccount_O1_Update_Info" time="4.253"/>
  <testcase classname="com.nopcommerce.frontend.MyAccount" name="MyAccount_O2_Add_Address" time="10.629"/>
</testsuite> <!-- MyACcount -->
