<?xml version="1.0" encoding="UTF-8"?>
<!-- Generated by org.testng.reporters.JUnitXMLReporter -->
<testsuite ignored="0" hostname="Nghis-MBP" failures="0" tests="6" name="Register" time="21.296" errors="0" timestamp="24 Mar 2022 12:50:49 GMT">
  <testcase classname="com.nopcommerce.frontend.Register" name="Register_01_Empty_Data" time="3.229"/>
  <testcase classname="com.nopcommerce.frontend.Register" name="Register_02_Invalid_Email" time="2.448"/>
  <testcase classname="com.nopcommerce.frontend.Register" name="Register_03_Success" time="4.393"/>
  <testcase classname="com.nopcommerce.frontend.Register" name="Register_06_ConfirmPass_NotMatch" time="2.45"/>
  <testcase classname="com.nopcommerce.frontend.Register" name="Register_05_Less_6_Characters" time="2.257"/>
  <testcase classname="com.nopcommerce.frontend.Register" name="Register_04_Existed_Email" time="2.85"/>
</testsuite> <!-- Register -->
